----------------------------------------
ActivityId: 307c8318-159e-4ed7-9c8c-4131ace8e2ff

Timestamp: 5/26/2021 8:02:31 PM

Message: IdentityServer signing certificate is not configured. System will be using default IdentityServer certificate

Category: ErrorLog

Priority: -1

EventId: 1

Severity: Information

Title:

Machine: DESKTOP-2V705S3

App Domain: /LM/W3SVC/1/ROOT-14-132665329137968908

ProcessId: 10016

Process Name: C:\Program Files (x86)\IIS Express\IISExpress.exe

Thread Name: 

Win32 ThreadId:11864

Extended Properties: 
----------------------------------------
----------------------------------------
ActivityId: 00000000-0000-0000-0000-000000000000

Timestamp: 5/26/2021 8:04:11 PM

Message: HandlingInstanceID: 4a28200e-cc0d-4844-8fe7-c12710e235be
An exception of type 'System.Web.HttpException' occurred and was caught.
------------------------------------------------------------------------
05/26/2021 23:04:11
Type : System.Web.HttpException, System.Web, Version=4.0.0.0, Culture=neutral, PublicKeyToken=b03f5f7f11d50a3a
Message : A potentially dangerous Request.Path value was detected from the client (:).
Source : System.Web
Help link : 
WebEventCode : 0
ErrorCode : -2147467259
Data : System.Collections.ListDictionaryInternal
TargetSite : Void ValidateInputIfRequiredByConfig()
HResult : -2147467259
Stack Trace :    at System.Web.HttpRequest.ValidateInputIfRequiredByConfig()
   at System.Web.HttpApplication.PipelineStepManager.ValidateHelper(HttpContext context)

Additional Info:

MachineName : DESKTOP-2V705S3
TimeStamp : 5/26/2021 8:04:11 PM
FullName : Telerik.Sitefinity.Utilities, Version=13.3.7600.0, Culture=neutral, PublicKeyToken=b28c218413bdf563
AppDomainName : /LM/W3SVC/1/ROOT-14-132665329137968908
ThreadIdentity : 
WindowsIdentity : DESKTOP-2V705S3\Ivan
Requested URL : http://localhost:28790/Sitefinity/adminapp/content/successstories/(dialog:confirm/%5Bobject Object%5D


Category: ErrorLog

Priority: 0

EventId: 90000

Severity: Error

Title:Enterprise Library Exception Handling

Machine: DESKTOP-2V705S3

App Domain: /LM/W3SVC/1/ROOT-14-132665329137968908

ProcessId: 10016

Process Name: C:\Program Files (x86)\IIS Express\IISExpress.exe

Thread Name: 

Win32 ThreadId:17164

Extended Properties: 
----------------------------------------
