----------------------------------------
ActivityId: fcc87423-fca6-430f-9bf1-7211888e701e

Timestamp: 5/26/2021 10:29:23 AM

Message: IdentityServer signing certificate is not configured. System will be using default IdentityServer certificate

Category: ErrorLog

Priority: -1

EventId: 1

Severity: Information

Title:

Machine: DESKTOP-2V705S3

App Domain: /LM/W3SVC/2/ROOT-1-132664978334361973

ProcessId: 7568

Process Name: C:\Program Files (x86)\IIS Express\iisexpress.exe

Thread Name: 

Win32 ThreadId:14980

Extended Properties: 
----------------------------------------
----------------------------------------
ActivityId: 461415bb-b147-4644-85eb-60aaa9ffc552

Timestamp: 5/26/2021 10:45:09 AM

Message: IdentityServer signing certificate is not configured. System will be using default IdentityServer certificate

Category: ErrorLog

Priority: -1

EventId: 1

Severity: Information

Title:

Machine: DESKTOP-2V705S3

App Domain: /LM/W3SVC/1/ROOT-3-132664994808784987

ProcessId: 10016

Process Name: C:\Program Files (x86)\IIS Express\IISExpress.exe

Thread Name: 

Win32 ThreadId:9524

Extended Properties: 
----------------------------------------
----------------------------------------
ActivityId: 00000000-0000-0000-0000-000000000000

Timestamp: 5/26/2021 3:42:27 PM

Message: HandlingInstanceID: 1246d674-bf6e-4ef8-bd53-091993281f82
An exception of type 'Telerik.Sitefinity.Utilities.MS.ServiceModel.Web.WebProtocolException' occurred and was caught.
---------------------------------------------------------------------------------------------------------------------
05/26/2021 18:42:27
Type : Telerik.Sitefinity.Utilities.MS.ServiceModel.Web.WebProtocolException, Telerik.Sitefinity.Utilities, Version=13.3.7600.0, Culture=neutral, PublicKeyToken=b28c218413bdf563
Message : Row not found: GenericOID@c63701c2 PageDraft id=b560cc61-bd43-45be-ba6b-762800f18cb0
UPDATE [sf_draft_pages] SET [vrsion] = ?, [voa_version] = ? WHERE [id] = ? AND [voa_version] = ?
(set event logging to all to see parameter values)
Source : Telerik.Sitefinity
Help link : 
StatusCode : InternalServerError
StatusDescription : Row not found: GenericOID@c63701c2 PageDraft id=b560cc61-bd43-45be-ba6b-762800f18cb0
UPDATE [sf_draft_pages] SET [vrsion] = ?, [voa_version] = ? WHERE [id] = ? AND [voa_version] = ?
(set event logging to all to see parameter values)
IsDetailXhtml : True
Data : System.Collections.ListDictionaryInternal
TargetSite : Boolean DiscardPageDraft(System.String)
HResult : -2146233087
detailWriterInstance : Telerik.Sitefinity.Utilities.MS.ServiceModel.Web.WebProtocolException+StringDetailWriter
Stack Trace :    at Telerik.Sitefinity.Modules.Pages.Web.Services.ZoneEditorService.DiscardPageDraft(String draftId)
   at SyncInvokeDiscardPageDraft(Object , Object[] , Object[] )
   at System.ServiceModel.Dispatcher.SyncMethodInvoker.Invoke(Object instance, Object[] inputs, Object[]& outputs)
   at System.ServiceModel.Dispatcher.DispatchOperationRuntime.InvokeBegin(MessageRpc& rpc)
   at System.ServiceModel.Dispatcher.ImmutableDispatchRuntime.ProcessMessage5(MessageRpc& rpc)
   at System.ServiceModel.Dispatcher.ImmutableDispatchRuntime.ProcessMessage41(MessageRpc& rpc)
   at System.ServiceModel.Dispatcher.ImmutableDispatchRuntime.ProcessMessage4(MessageRpc& rpc)
   at System.ServiceModel.Dispatcher.ImmutableDispatchRuntime.ProcessMessage31(MessageRpc& rpc)
   at System.ServiceModel.Dispatcher.ImmutableDispatchRuntime.ProcessMessage3(MessageRpc& rpc)
   at System.ServiceModel.Dispatcher.ImmutableDispatchRuntime.ProcessMessage2(MessageRpc& rpc)
   at System.ServiceModel.Dispatcher.ImmutableDispatchRuntime.ProcessMessage11(MessageRpc& rpc)
   at System.ServiceModel.Dispatcher.ImmutableDispatchRuntime.ProcessMessage1(MessageRpc& rpc)
   at System.ServiceModel.Dispatcher.MessageRpc.Process(Boolean isOperationContextSet)

Additional Info:

MachineName : DESKTOP-2V705S3
TimeStamp : 5/26/2021 3:42:27 PM
FullName : Telerik.Sitefinity.Utilities, Version=13.3.7600.0, Culture=neutral, PublicKeyToken=b28c218413bdf563
AppDomainName : /LM/W3SVC/1/ROOT-3-132664994808784987
ThreadIdentity : ivduhov@gmail.com
WindowsIdentity : DESKTOP-2V705S3\Ivan
Requested URL : http://localhost:28790/Sitefinity/Services/Pages/ZoneEditorService.svc/Page/b560cc61-bd43-45be-ba6b-762800f18cb0/?package=Bootstrap4
	Inner Exception
	---------------
	Type : Telerik.OpenAccess.Exceptions.OptimisticVerificationException, Telerik.OpenAccess, Version=2020.0.428.1, Culture=neutral, PublicKeyToken=7ce17eeaf1d59342
	Message : Row not found: GenericOID@c63701c2 PageDraft id=b560cc61-bd43-45be-ba6b-762800f18cb0
UPDATE [sf_draft_pages] SET [vrsion] = ?, [voa_version] = ? WHERE [id] = ? AND [voa_version] = ?
(set event logging to all to see parameter values)
	Source : Unity_ILEmit_DynamicClasses
	Help link : 
	NumberOfConflicts : 1
	InnerExceptions : System.Exception[]
	FailedObject : 
	BackendError : 
	Reason : OptimisticVerification
	CanRetry : True
	Data : System.Collections.ListDictionaryInternal
	TargetSite : Void CommitTransaction()
	HResult : -2146233088
	Stack Trace :    at DynamicModule.ns.Wrapped_OpenAccessPageProvider_9bee78b887dc47a883369771b082a67b.CommitTransaction()
	   at Telerik.Sitefinity.Data.ManagerBase`1.SaveChanges(String eventOrigin)
	   at Telerik.Sitefinity.Data.ManagerBase`1.SaveChanges()
	   at Telerik.Sitefinity.Modules.Pages.Web.Services.ZoneEditorService.DiscardPageDraft(String draftId)



Category: ErrorLog

Priority: 0

EventId: 90000

Severity: Error

Title:Enterprise Library Exception Handling

Machine: DESKTOP-2V705S3

App Domain: /LM/W3SVC/1/ROOT-3-132664994808784987

ProcessId: 10016

Process Name: C:\Program Files (x86)\IIS Express\IISExpress.exe

Thread Name: 

Win32 ThreadId:16116

Extended Properties: 
----------------------------------------
----------------------------------------
ActivityId: 49301e98-73aa-4a89-8517-5b7e0d0b1f26

Timestamp: 5/26/2021 5:16:08 PM

Message: IdentityServer signing certificate is not configured. System will be using default IdentityServer certificate

Category: ErrorLog

Priority: -1

EventId: 1

Severity: Information

Title:

Machine: DESKTOP-2V705S3

App Domain: /LM/W3SVC/1/ROOT-4-132665229380840766

ProcessId: 10016

Process Name: C:\Program Files (x86)\IIS Express\IISExpress.exe

Thread Name: 

Win32 ThreadId:19912

Extended Properties: 
----------------------------------------
----------------------------------------
ActivityId: 3af56cb0-80e1-4b6b-945d-dec2ebc1d145

Timestamp: 5/26/2021 5:16:12 PM

Message: HandlingInstanceID: 766d3d43-a2e3-40e6-8e98-de20f08f263c
An exception of type 'Telerik.Sitefinity.Utilities.MS.ServiceModel.Web.WebProtocolException' occurred and was caught.
---------------------------------------------------------------------------------------------------------------------
05/26/2021 20:16:12
Type : Telerik.Sitefinity.Utilities.MS.ServiceModel.Web.WebProtocolException, Telerik.Sitefinity.Utilities, Version=13.3.7600.0, Culture=neutral, PublicKeyToken=b28c218413bdf563
Message : Unauthorized
Source : Telerik.Sitefinity
Help link : 
StatusCode : Unauthorized
StatusDescription : Unauthorized
IsDetailXhtml : True
Data : System.Collections.ListDictionaryInternal
TargetSite : Void RequestAuthentication(System.Func`2[Telerik.Sitefinity.Security.SitefinityIdentity,System.Boolean])
HResult : -2146233087
detailWriterInstance : Telerik.Sitefinity.Utilities.MS.ServiceModel.Web.WebProtocolException+StringDetailWriter
Stack Trace :    at Telerik.Sitefinity.Web.Services.ServiceUtility.RequestAuthentication(Func`2 isForbidden)
   at Telerik.Sitefinity.Web.Services.ServiceUtility.RequestAuthentication(Boolean needAdminRights, Boolean demandBackendUser)
   at Telerik.Sitefinity.Services.ServiceStack.Filters.RequestBackendAuthenticationFilterAttribute.Execute(IRequest req, IResponse res, Object requestDto)
   at ServiceStack.RequestFilterAttribute.RequestFilter(IRequest req, IResponse res, Object requestDto) in C:\BuildAgent\work\3481147c480f4a2f\src\ServiceStack\RequestFilterAttribute.cs:line 28
   at ServiceStack.ServiceStackHost.<ApplyRequestFiltersSingleAsync>d__366.MoveNext() in C:\BuildAgent\work\3481147c480f4a2f\src\ServiceStack\ServiceStackHost.Runtime.cs:line 199
--- End of stack trace from previous location where exception was thrown ---
   at System.Runtime.CompilerServices.TaskAwaiter.ThrowForNonSuccess(Task task)
   at System.Runtime.CompilerServices.TaskAwaiter.HandleNonSuccessAndDebuggerNotification(Task task)
   at ServiceStack.ServiceStackHost.<ApplyRequestFiltersAsync>d__365.MoveNext() in C:\BuildAgent\work\3481147c480f4a2f\src\ServiceStack\ServiceStackHost.Runtime.cs:line 133
--- End of stack trace from previous location where exception was thrown ---
   at System.Runtime.CompilerServices.TaskAwaiter.ThrowForNonSuccess(Task task)
   at System.Runtime.CompilerServices.TaskAwaiter.HandleNonSuccessAndDebuggerNotification(Task task)
   at ServiceStack.Host.RestHandler.<ProcessRequestAsync>d__14.MoveNext() in C:\BuildAgent\work\3481147c480f4a2f\src\ServiceStack\Host\RestHandler.cs:line 91

Additional Info:

MachineName : DESKTOP-2V705S3
TimeStamp : 5/26/2021 5:16:12 PM
FullName : Telerik.Sitefinity.Utilities, Version=13.3.7600.0, Culture=neutral, PublicKeyToken=b28c218413bdf563
AppDomainName : /LM/W3SVC/1/ROOT-4-132665229380840766
ThreadIdentity : Anonymous
WindowsIdentity : DESKTOP-2V705S3\Ivan
Requested URL : http://localhost:28790/RestApi/contextual-help/get-tooltips/


Category: ErrorLog

Priority: 0

EventId: 90000

Severity: Error

Title:Enterprise Library Exception Handling

Machine: DESKTOP-2V705S3

App Domain: /LM/W3SVC/1/ROOT-4-132665229380840766

ProcessId: 10016

Process Name: C:\Program Files (x86)\IIS Express\IISExpress.exe

Thread Name: 

Win32 ThreadId:9552

Extended Properties: 
----------------------------------------
----------------------------------------
ActivityId: 961b37fd-b4e4-4433-8dd3-6fc9b382a7e3

Timestamp: 5/26/2021 5:29:32 PM

Message: IdentityServer signing certificate is not configured. System will be using default IdentityServer certificate

Category: ErrorLog

Priority: -1

EventId: 1

Severity: Information

Title:

Machine: DESKTOP-2V705S3

App Domain: /LM/W3SVC/1/ROOT-5-132665237453790819

ProcessId: 10016

Process Name: C:\Program Files (x86)\IIS Express\IISExpress.exe

Thread Name: 

Win32 ThreadId:12456

Extended Properties: 
----------------------------------------
----------------------------------------
ActivityId: e7a712aa-517e-4050-9049-2b8dd70b5c95

Timestamp: 5/26/2021 6:56:40 PM

Message: IdentityServer signing certificate is not configured. System will be using default IdentityServer certificate

Category: ErrorLog

Priority: -1

EventId: 1

Severity: Information

Title:

Machine: DESKTOP-2V705S3

App Domain: /LM/W3SVC/1/ROOT-6-132665289722356728

ProcessId: 10016

Process Name: C:\Program Files (x86)\IIS Express\IISExpress.exe

Thread Name: 

Win32 ThreadId:6836

Extended Properties: 
----------------------------------------
----------------------------------------
ActivityId: 00000000-0000-0000-0000-000000000000

Timestamp: 5/26/2021 6:57:49 PM

Message: HandlingInstanceID: 2ae0697d-7c8f-45d3-8bfb-27fe5ccf269b
An exception of type 'System.Reflection.TargetInvocationException' occurred and was caught.
-------------------------------------------------------------------------------------------
05/26/2021 21:57:49
Type : System.Reflection.TargetInvocationException, mscorlib, Version=4.0.0.0, Culture=neutral, PublicKeyToken=b77a5c561934e089
Message : Exception has been thrown by the target of an invocation.
Source : mscorlib
Help link : 
Data : System.Collections.ListDictionaryInternal
TargetSite : System.Object InvokeMethod(System.Object, System.Object[], System.Signature, Boolean)
HResult : -2146232828
Stack Trace :    at System.RuntimeMethodHandle.InvokeMethod(Object target, Object[] arguments, Signature sig, Boolean constructor)
   at System.Reflection.RuntimeConstructorInfo.Invoke(BindingFlags invokeAttr, Binder binder, Object[] parameters, CultureInfo culture)
   at Telerik.Sitefinity.Data.ManagerBase`1.InstantiateManager[T](String providerName, String transactionName)
   at Telerik.Sitefinity.Data.ManagerBase`1.GetManager[T](String providerName, String transactionName)
   at Telerik.Sitefinity.Versioning.VersionManager.GetManager(String providerName, String transactionName)
   at SitefinityWebApp.Mvc.Controllers.SuccessStoryController.CreateSuccessStory() in C:\Program Files (x86)\Progress\Sitefinity\Projects\Default\MVC\Controllers\SuccessStoryController.cs:line 51
   at lambda_method(Closure , ControllerBase , Object[] )
   at System.Web.Mvc.ActionMethodDispatcher.<>c__DisplayClass10_0.<WrapVoidAction>b__0(ControllerBase controller, Object[] parameters)
   at System.Web.Mvc.ActionMethodDispatcher.Execute(ControllerBase controller, Object[] parameters)
   at System.Web.Mvc.ReflectedActionDescriptor.Execute(ControllerContext controllerContext, IDictionary`2 parameters)
   at System.Web.Mvc.ControllerActionInvoker.InvokeActionMethod(ControllerContext controllerContext, ActionDescriptor actionDescriptor, IDictionary`2 parameters)
   at System.Web.Mvc.ControllerActionInvoker.<>c__DisplayClass24_0.<InvokeActionMethodWithFilters>b__0()
   at System.Web.Mvc.ControllerActionInvoker.InvokeActionMethodFilter(IActionFilter filter, ActionExecutingContext preContext, Func`1 continuation)
   at System.Web.Mvc.ControllerActionInvoker.<>c__DisplayClass24_1.<InvokeActionMethodWithFilters>b__2()
   at System.Web.Mvc.ControllerActionInvoker.InvokeActionMethodFilter(IActionFilter filter, ActionExecutingContext preContext, Func`1 continuation)
   at System.Web.Mvc.ControllerActionInvoker.<>c__DisplayClass24_1.<InvokeActionMethodWithFilters>b__2()
   at System.Web.Mvc.ControllerActionInvoker.InvokeActionMethodFilter(IActionFilter filter, ActionExecutingContext preContext, Func`1 continuation)
   at System.Web.Mvc.ControllerActionInvoker.<>c__DisplayClass24_1.<InvokeActionMethodWithFilters>b__2()
   at System.Web.Mvc.ControllerActionInvoker.InvokeActionMethodFilter(IActionFilter filter, ActionExecutingContext preContext, Func`1 continuation)
   at System.Web.Mvc.ControllerActionInvoker.<>c__DisplayClass24_1.<InvokeActionMethodWithFilters>b__2()
   at System.Web.Mvc.ControllerActionInvoker.InvokeActionMethodFilter(IActionFilter filter, ActionExecutingContext preContext, Func`1 continuation)
   at System.Web.Mvc.ControllerActionInvoker.<>c__DisplayClass24_1.<InvokeActionMethodWithFilters>b__2()
   at System.Web.Mvc.ControllerActionInvoker.InvokeActionMethodFilter(IActionFilter filter, ActionExecutingContext preContext, Func`1 continuation)
   at System.Web.Mvc.ControllerActionInvoker.<>c__DisplayClass24_1.<InvokeActionMethodWithFilters>b__2()
   at System.Web.Mvc.ControllerActionInvoker.InvokeActionMethodFilter(IActionFilter filter, ActionExecutingContext preContext, Func`1 continuation)
   at System.Web.Mvc.ControllerActionInvoker.<>c__DisplayClass24_1.<InvokeActionMethodWithFilters>b__2()
   at System.Web.Mvc.ControllerActionInvoker.InvokeActionMethodWithFilters(ControllerContext controllerContext, IList`1 filters, ActionDescriptor actionDescriptor, IDictionary`2 parameters)
   at System.Web.Mvc.ControllerActionInvoker.InvokeAction(ControllerContext controllerContext, String actionName)
   at Telerik.Sitefinity.Mvc.ControllerWrapper.Execute()
   at Telerik.Sitefinity.Mvc.ControllerActionInvoker.ExecuteController(MvcProxyBase proxyControl)
   at Telerik.Sitefinity.Frontend.Mvc.Infrastructure.Routing.FeatherActionInvoker.ExecuteController(MvcProxyBase proxyControl)

Additional Info:

MachineName : DESKTOP-2V705S3
TimeStamp : 5/26/2021 6:57:49 PM
FullName : Telerik.Sitefinity.Utilities, Version=13.3.7600.0, Culture=neutral, PublicKeyToken=b28c218413bdf563
AppDomainName : /LM/W3SVC/1/ROOT-6-132665289722356728
ThreadIdentity : ivduhov@gmail.com
WindowsIdentity : DESKTOP-2V705S3\Ivan
Requested URL : http://localhost:28790/details/CreateSuccessStory/
	Inner Exception
	---------------
	Type : Telerik.Sitefinity.Data.MissingProviderConfigurationException, Telerik.Sitefinity, Version=13.3.7600.0, Culture=neutral, PublicKeyToken=b28c218413bdf563
	Message : There is no configuration for data provider with the name of "OpenAccessProvider" or it is not enabled for "Telerik.Sitefinity.Versioning.VersionManager" manager. Please check the spelling of the name and whether such configuration exists.
	Source : Telerik.Sitefinity
	Help link : 
	BareMessage : There is no configuration for data provider with the name of "OpenAccessProvider" or it is not enabled for "Telerik.Sitefinity.Versioning.VersionManager" manager. Please check the spelling of the name and whether such configuration exists.
	Filename : 
	Line : 0
	Errors : System.Configuration.ConfigurationException[]
	Data : System.Collections.ListDictionaryInternal
	TargetSite : TProviderBase ResolveProvider(System.String, System.String)
	HResult : -2146232062
	Stack Trace :    at Telerik.Sitefinity.Data.ManagerBase`1.ResolveProvider(String providerName, String dataSourceName)
	   at Telerik.Sitefinity.Data.ManagerBase`1.SetProvider(String providerName, String transactionName)
	   at Telerik.Sitefinity.Data.ManagerBase`1..ctor(String providerName, String transactionName)
	   at Telerik.Sitefinity.Versioning.VersionManager..ctor(String providerName, String transactionName)



Category: ErrorLog

Priority: 0

EventId: 9010

Severity: Warning

Title:Enterprise Library Exception Handling

Machine: DESKTOP-2V705S3

App Domain: /LM/W3SVC/1/ROOT-6-132665289722356728

ProcessId: 10016

Process Name: C:\Program Files (x86)\IIS Express\IISExpress.exe

Thread Name: 

Win32 ThreadId:12388

Extended Properties: 
----------------------------------------
----------------------------------------
ActivityId: 6de05151-7b90-455d-9d83-9a9dc5740083

Timestamp: 5/26/2021 7:00:11 PM

Message: IdentityServer signing certificate is not configured. System will be using default IdentityServer certificate

Category: ErrorLog

Priority: -1

EventId: 1

Severity: Information

Title:

Machine: DESKTOP-2V705S3

App Domain: /LM/W3SVC/2/ROOT-1-132665291547477848

ProcessId: 3160

Process Name: C:\Program Files (x86)\IIS Express\iisexpress.exe

Thread Name: 

Win32 ThreadId:14244

Extended Properties: 
----------------------------------------
----------------------------------------
ActivityId: 00000000-0000-0000-0000-000000000000

Timestamp: 5/26/2021 7:02:19 PM

Message: HandlingInstanceID: 136a3d2c-87f9-416e-9018-6027ed2bc55d
An exception of type 'System.Reflection.TargetInvocationException' occurred and was caught.
-------------------------------------------------------------------------------------------
05/26/2021 22:02:19
Type : System.Reflection.TargetInvocationException, mscorlib, Version=4.0.0.0, Culture=neutral, PublicKeyToken=b77a5c561934e089
Message : Exception has been thrown by the target of an invocation.
Source : mscorlib
Help link : 
Data : System.Collections.ListDictionaryInternal
TargetSite : System.Object InvokeMethod(System.Object, System.Object[], System.Signature, Boolean)
HResult : -2146232828
Stack Trace :    at System.RuntimeMethodHandle.InvokeMethod(Object target, Object[] arguments, Signature sig, Boolean constructor)
   at System.Reflection.RuntimeConstructorInfo.Invoke(BindingFlags invokeAttr, Binder binder, Object[] parameters, CultureInfo culture)
   at Telerik.Sitefinity.Data.ManagerBase`1.InstantiateManager[T](String providerName, String transactionName)
   at Telerik.Sitefinity.Data.ManagerBase`1.GetManager[T](String providerName, String transactionName)
   at Telerik.Sitefinity.Versioning.VersionManager.GetManager(String providerName, String transactionName)
   at SitefinityWebApp.Mvc.Controllers.SuccessStoryController.CreateSuccessStory(SuccessStoryModel story) in C:\Program Files (x86)\Progress\Sitefinity\Projects\Default\MVC\Controllers\SuccessStoryController.cs:line 49
   at lambda_method(Closure , ControllerBase , Object[] )
   at System.Web.Mvc.ActionMethodDispatcher.<>c__DisplayClass10_0.<WrapVoidAction>b__0(ControllerBase controller, Object[] parameters)
   at System.Web.Mvc.ActionMethodDispatcher.Execute(ControllerBase controller, Object[] parameters)
   at System.Web.Mvc.ReflectedActionDescriptor.Execute(ControllerContext controllerContext, IDictionary`2 parameters)
   at System.Web.Mvc.ControllerActionInvoker.InvokeActionMethod(ControllerContext controllerContext, ActionDescriptor actionDescriptor, IDictionary`2 parameters)
   at System.Web.Mvc.ControllerActionInvoker.<>c__DisplayClass24_0.<InvokeActionMethodWithFilters>b__0()
   at System.Web.Mvc.ControllerActionInvoker.InvokeActionMethodFilter(IActionFilter filter, ActionExecutingContext preContext, Func`1 continuation)
   at System.Web.Mvc.ControllerActionInvoker.<>c__DisplayClass24_1.<InvokeActionMethodWithFilters>b__2()
   at System.Web.Mvc.ControllerActionInvoker.InvokeActionMethodFilter(IActionFilter filter, ActionExecutingContext preContext, Func`1 continuation)
   at System.Web.Mvc.ControllerActionInvoker.<>c__DisplayClass24_1.<InvokeActionMethodWithFilters>b__2()
   at System.Web.Mvc.ControllerActionInvoker.InvokeActionMethodFilter(IActionFilter filter, ActionExecutingContext preContext, Func`1 continuation)
   at System.Web.Mvc.ControllerActionInvoker.<>c__DisplayClass24_1.<InvokeActionMethodWithFilters>b__2()
   at System.Web.Mvc.ControllerActionInvoker.InvokeActionMethodFilter(IActionFilter filter, ActionExecutingContext preContext, Func`1 continuation)
   at System.Web.Mvc.ControllerActionInvoker.<>c__DisplayClass24_1.<InvokeActionMethodWithFilters>b__2()
   at System.Web.Mvc.ControllerActionInvoker.InvokeActionMethodFilter(IActionFilter filter, ActionExecutingContext preContext, Func`1 continuation)
   at System.Web.Mvc.ControllerActionInvoker.<>c__DisplayClass24_1.<InvokeActionMethodWithFilters>b__2()
   at System.Web.Mvc.ControllerActionInvoker.InvokeActionMethodFilter(IActionFilter filter, ActionExecutingContext preContext, Func`1 continuation)
   at System.Web.Mvc.ControllerActionInvoker.<>c__DisplayClass24_1.<InvokeActionMethodWithFilters>b__2()
   at System.Web.Mvc.ControllerActionInvoker.InvokeActionMethodFilter(IActionFilter filter, ActionExecutingContext preContext, Func`1 continuation)
   at System.Web.Mvc.ControllerActionInvoker.<>c__DisplayClass24_1.<InvokeActionMethodWithFilters>b__2()
   at System.Web.Mvc.ControllerActionInvoker.InvokeActionMethodWithFilters(ControllerContext controllerContext, IList`1 filters, ActionDescriptor actionDescriptor, IDictionary`2 parameters)
   at System.Web.Mvc.ControllerActionInvoker.InvokeAction(ControllerContext controllerContext, String actionName)
   at Telerik.Sitefinity.Mvc.ControllerWrapper.Execute()
   at Telerik.Sitefinity.Mvc.ControllerActionInvoker.ExecuteController(MvcProxyBase proxyControl)
   at Telerik.Sitefinity.Frontend.Mvc.Infrastructure.Routing.FeatherActionInvoker.ExecuteController(MvcProxyBase proxyControl)

Additional Info:

MachineName : DESKTOP-2V705S3
TimeStamp : 5/26/2021 7:02:19 PM
FullName : Telerik.Sitefinity.Utilities, Version=13.3.7600.0, Culture=neutral, PublicKeyToken=b28c218413bdf563
AppDomainName : /LM/W3SVC/2/ROOT-1-132665291547477848
ThreadIdentity : Anonymous
WindowsIdentity : DESKTOP-2V705S3\Ivan
Requested URL : http://localhost:60876/details/CreateSuccessStory/
	Inner Exception
	---------------
	Type : Telerik.Sitefinity.Data.MissingProviderConfigurationException, Telerik.Sitefinity, Version=13.3.7600.0, Culture=neutral, PublicKeyToken=b28c218413bdf563
	Message : There is no configuration for data provider with the name of "OpenAccessProvider" or it is not enabled for "Telerik.Sitefinity.Versioning.VersionManager" manager. Please check the spelling of the name and whether such configuration exists.
	Source : Telerik.Sitefinity
	Help link : 
	BareMessage : There is no configuration for data provider with the name of "OpenAccessProvider" or it is not enabled for "Telerik.Sitefinity.Versioning.VersionManager" manager. Please check the spelling of the name and whether such configuration exists.
	Filename : 
	Line : 0
	Errors : System.Configuration.ConfigurationException[]
	Data : System.Collections.ListDictionaryInternal
	TargetSite : TProviderBase ResolveProvider(System.String, System.String)
	HResult : -2146232062
	Stack Trace :    at Telerik.Sitefinity.Data.ManagerBase`1.ResolveProvider(String providerName, String dataSourceName)
	   at Telerik.Sitefinity.Data.ManagerBase`1.SetProvider(String providerName, String transactionName)
	   at Telerik.Sitefinity.Data.ManagerBase`1..ctor(String providerName, String transactionName)
	   at Telerik.Sitefinity.Versioning.VersionManager..ctor(String providerName, String transactionName)



Category: ErrorLog

Priority: 0

EventId: 9010

Severity: Warning

Title:Enterprise Library Exception Handling

Machine: DESKTOP-2V705S3

App Domain: /LM/W3SVC/2/ROOT-1-132665291547477848

ProcessId: 3160

Process Name: C:\Program Files (x86)\IIS Express\iisexpress.exe

Thread Name: 

Win32 ThreadId:13704

Extended Properties: 
----------------------------------------
----------------------------------------
ActivityId: be729d91-e285-4f20-af5a-32eebdf74918

Timestamp: 5/26/2021 7:05:55 PM

Message: IdentityServer signing certificate is not configured. System will be using default IdentityServer certificate

Category: ErrorLog

Priority: -1

EventId: 1

Severity: Information

Title:

Machine: DESKTOP-2V705S3

App Domain: /LM/W3SVC/1/ROOT-7-132665295268538286

ProcessId: 10016

Process Name: C:\Program Files (x86)\IIS Express\IISExpress.exe

Thread Name: 

Win32 ThreadId:10444

Extended Properties: 
----------------------------------------
----------------------------------------
ActivityId: 00000000-0000-0000-0000-000000000000

Timestamp: 26.5.2021 г. 19:07:35

Message: HandlingInstanceID: f87dbf71-6c5c-4a1a-b495-578f81223673
An exception of type 'Telerik.OpenAccess.OpenAccessException' occurred and was caught.
--------------------------------------------------------------------------------------
05/26/2021 22:07:35
Type : Telerik.OpenAccess.OpenAccessException, Telerik.OpenAccess, Version=2020.0.428.1, Culture=neutral, PublicKeyToken=7ce17eeaf1d59342
Message : The query does not accept parameters, but valid params were passed for query execution.
Source : Telerik.Sitefinity
Help link : 
InnerExceptions : 
FailedObject : 
BackendError : 
Reason : Internal
CanRetry : False
Data : System.Collections.ListDictionaryInternal
TargetSite : Telerik.Sitefinity.Data.IManager GetManager(System.Type, System.String)
HResult : -2146233088
Stack Trace :    at Telerik.Sitefinity.Data.ManagerBase.GetManager(Type managerType, String providerName)
   at Telerik.Sitefinity.Modules.GenericContent.ContentModuleBase.GetContractsInternal()
   at Telerik.Sitefinity.Modules.GenericContent.ContentModuleBase.Telerik.Sitefinity.Web.Services.Contracts.ITypeSettingsProvider.GetTypeSettings()
   at Telerik.Sitefinity.Web.Services.Contracts.TypeSettingsProviderRepo.GetContractsInternal()
   at Telerik.Sitefinity.Utilities.ConcurrentProperty`1.get_Value()
   at Telerik.Sitefinity.Web.Api.Configuration.ServiceElement.TryInitializeDefaultTypes(ConfigElement element)
   at Telerik.Sitefinity.Configuration.ConfigElementCollection.EnsureDelayedInitialization()
   at Telerik.Sitefinity.Configuration.ConfigElement.GetRawValue(ConfigProperty prop, PersistedValueWrapper& valueWrapper, Boolean skipDefaultValue)
   at Telerik.Sitefinity.Configuration.ConfigElement.get_Item(ConfigProperty prop)
   at Telerik.Sitefinity.Configuration.ConfigElement.get_Item(String propertyName)
   at Telerik.Sitefinity.Web.Api.Configuration.ServiceElement.get_Types()
   at Telerik.Sitefinity.Web.Api.Configuration.ServiceElement.Telerik.Sitefinity.Web.Api.OData.Model.Proxies.IServiceConfiguration.get_Types()
   at Telerik.Sitefinity.Web.Api.OData.Model.Proxies.ServiceProxy..ctor(IServiceConfiguration copyFrom)
   at Telerik.Sitefinity.Web.Api.OData.Routing.CompositeRoute.GetRoute(String routePrefix, IServiceConfiguration service)
   at Telerik.Sitefinity.Web.Api.OData.Routing.CompositeRoute.GetRouteDataInternal(String virtualPathRoot, HttpRequestMessage request)
   at Telerik.Sitefinity.Web.Api.OData.Routing.CompositeRoute.GetRouteData(String virtualPathRoot, HttpRequestMessage request)

Additional Info:

MachineName : DESKTOP-2V705S3
TimeStamp : 26.5.2021 г. 19:07:35
FullName : Telerik.Sitefinity.Utilities, Version=13.3.7600.0, Culture=neutral, PublicKeyToken=b28c218413bdf563
AppDomainName : /LM/W3SVC/2/ROOT-1-132665296138594598
ThreadIdentity : Anonymous
WindowsIdentity : DESKTOP-2V705S3\Ivan
Requested URL : http://localhost:60876/


Category: ErrorLog

Priority: 0

EventId: 90000

Severity: Error

Title:Enterprise Library Exception Handling

Machine: DESKTOP-2V705S3

App Domain: /LM/W3SVC/2/ROOT-1-132665296138594598

ProcessId: 12884

Process Name: C:\Program Files (x86)\IIS Express\iisexpress.exe

Thread Name: BackgroundTasksService-Thread-1

Win32 ThreadId:16116

Extended Properties: 
----------------------------------------
----------------------------------------
ActivityId: 24bbed60-b2fe-4e74-b039-a1033d45cdf5

Timestamp: 5/26/2021 7:07:38 PM

Message: IdentityServer signing certificate is not configured. System will be using default IdentityServer certificate

Category: ErrorLog

Priority: -1

EventId: 1

Severity: Information

Title:

Machine: DESKTOP-2V705S3

App Domain: /LM/W3SVC/2/ROOT-1-132665296138594598

ProcessId: 12884

Process Name: C:\Program Files (x86)\IIS Express\iisexpress.exe

Thread Name: 

Win32 ThreadId:9620

Extended Properties: 
----------------------------------------
----------------------------------------
ActivityId: 9ce62acb-0f67-41f7-80bc-d8eddec933ff

Timestamp: 5/26/2021 7:10:00 PM

Message: IdentityServer signing certificate is not configured. System will be using default IdentityServer certificate

Category: ErrorLog

Priority: -1

EventId: 1

Severity: Information

Title:

Machine: DESKTOP-2V705S3

App Domain: /LM/W3SVC/1/ROOT-8-132665297750119732

ProcessId: 10016

Process Name: C:\Program Files (x86)\IIS Express\IISExpress.exe

Thread Name: 

Win32 ThreadId:14352

Extended Properties: 
----------------------------------------
----------------------------------------
ActivityId: dd5bd18c-eee2-4286-b2da-867ea256b5cc

Timestamp: 5/26/2021 7:11:52 PM

Message: IdentityServer signing certificate is not configured. System will be using default IdentityServer certificate

Category: ErrorLog

Priority: -1

EventId: 1

Severity: Information

Title:

Machine: DESKTOP-2V705S3

App Domain: /LM/W3SVC/2/ROOT-1-132665298771560409

ProcessId: 7796

Process Name: C:\Program Files (x86)\IIS Express\iisexpress.exe

Thread Name: 

Win32 ThreadId:16604

Extended Properties: 
----------------------------------------
----------------------------------------
ActivityId: 11f7ce71-01ec-4e5e-baf5-09739d5d055b

Timestamp: 5/26/2021 7:15:32 PM

Message: IdentityServer signing certificate is not configured. System will be using default IdentityServer certificate

Category: ErrorLog

Priority: -1

EventId: 1

Severity: Information

Title:

Machine: DESKTOP-2V705S3

App Domain: /LM/W3SVC/1/ROOT-9-132665301054178566

ProcessId: 10016

Process Name: C:\Program Files (x86)\IIS Express\IISExpress.exe

Thread Name: 

Win32 ThreadId:13544

Extended Properties: 
----------------------------------------
----------------------------------------
ActivityId: b023f2d4-399a-432f-9062-91b2540df968

Timestamp: 5/26/2021 7:16:41 PM

Message: IdentityServer signing certificate is not configured. System will be using default IdentityServer certificate

Category: ErrorLog

Priority: -1

EventId: 1

Severity: Information

Title:

Machine: DESKTOP-2V705S3

App Domain: /LM/W3SVC/2/ROOT-1-132665301703079553

ProcessId: 17848

Process Name: C:\Program Files (x86)\IIS Express\iisexpress.exe

Thread Name: 

Win32 ThreadId:9944

Extended Properties: 
----------------------------------------
----------------------------------------
ActivityId: 778a2141-2fc8-4858-bcfe-d36eca8b0ef3

Timestamp: 5/26/2021 7:28:32 PM

Message: IdentityServer signing certificate is not configured. System will be using default IdentityServer certificate

Category: ErrorLog

Priority: -1

EventId: 1

Severity: Information

Title:

Machine: DESKTOP-2V705S3

App Domain: /LM/W3SVC/2/ROOT-1-132665308654788572

ProcessId: 17344

Process Name: C:\Program Files (x86)\IIS Express\iisexpress.exe

Thread Name: 

Win32 ThreadId:12332

Extended Properties: 
----------------------------------------
----------------------------------------
ActivityId: 00000000-0000-0000-0000-000000000000

Timestamp: 5/26/2021 7:31:26 PM

Message: HandlingInstanceID: 579d1f9c-d145-4a87-b342-d3f97fff6a17
An exception of type 'System.Exception' occurred and was caught.
----------------------------------------------------------------
05/26/2021 22:31:26
Type : System.Exception, mscorlib, Version=4.0.0.0, Culture=neutral, PublicKeyToken=b77a5c561934e089
Message : An error occurred while executing InitializeDefaultData() method for provider 'sf_translations_vers_provider' of type 'DynamicModule.ns.Wrapped_OpenAccessVersionDataProvider_c54f850ec89e41e385c42754a52e0b6d': Thread was being aborted.
Source : 
Help link : 
Data : System.Collections.ListDictionaryInternal
TargetSite : 
HResult : -2146233088
Stack Trace : The stack trace is unavailable.
Additional Info:

MachineName : DESKTOP-2V705S3
TimeStamp : 5/26/2021 7:31:26 PM
FullName : Telerik.Sitefinity.Utilities, Version=13.3.7600.0, Culture=neutral, PublicKeyToken=b28c218413bdf563
AppDomainName : /LM/W3SVC/2/ROOT-1-132665308654788572
ThreadIdentity : Anonymous
WindowsIdentity : DESKTOP-2V705S3\Ivan
Requested URL : http://localhost:60876/details/CreateSuccessStory/
	Inner Exception
	---------------
	Type : System.Threading.ThreadAbortException, mscorlib, Version=4.0.0.0, Culture=neutral, PublicKeyToken=b77a5c561934e089
	Message : Thread was being aborted.
	Source : Unity_ILEmit_DynamicClasses
	Help link : 
	ExceptionState : 
	Data : System.Collections.ListDictionaryInternal
	TargetSite : Boolean InitializeDefaultData()
	HResult : -2146233040
	Stack Trace :    at DynamicModule.ns.Wrapped_OpenAccessVersionDataProvider_c54f850ec89e41e385c42754a52e0b6d.InitializeDefaultData()
	   at Telerik.Sitefinity.Data.DataProviderBase.OnInitialized()



Category: ErrorLog

Priority: 0

EventId: 9010

Severity: Warning

Title:Enterprise Library Exception Handling

Machine: DESKTOP-2V705S3

App Domain: /LM/W3SVC/2/ROOT-1-132665308654788572

ProcessId: 17344

Process Name: C:\Program Files (x86)\IIS Express\iisexpress.exe

Thread Name: 

Win32 ThreadId:19196

Extended Properties: 
----------------------------------------
----------------------------------------
ActivityId: 00000000-0000-0000-0000-000000000000

Timestamp: 5/26/2021 7:32:05 PM

Message: HandlingInstanceID: b0708528-00f1-4bb2-9280-c46c4f3ec5d0
An exception of type 'System.UnauthorizedAccessException' occurred and was caught.
----------------------------------------------------------------------------------
05/26/2021 22:32:05
Type : System.UnauthorizedAccessException, mscorlib, Version=4.0.0.0, Culture=neutral, PublicKeyToken=b77a5c561934e089
Message : You are not authorized to create Telerik.Sitefinity.DynamicTypes.Model.SuccessStory.SuccessStory items.
Source : Unity_ILEmit_DynamicClasses
Help link : 
Data : System.Collections.ListDictionaryInternal
TargetSite : Telerik.Sitefinity.DynamicModules.Model.DynamicContent CreateDataItem(System.Type)
HResult : -2147024891
Stack Trace :    at DynamicModule.ns.Wrapped_OpenAccessDynamicModuleProvider_cebcd03c8dea4e6294c1316aa6d077a2.CreateDataItem(Type itemType)
   at Telerik.Sitefinity.DynamicModules.DynamicModuleManager.CreateDataItem(Type itemType)
   at SitefinityWebApp.Mvc.Controllers.SuccessStoryController.CreateSuccessStory(SuccessStoryModel story) in C:\Program Files (x86)\Progress\Sitefinity\Projects\Default\MVC\Controllers\SuccessStoryController.cs:line 60
   at lambda_method(Closure , ControllerBase , Object[] )
   at System.Web.Mvc.ActionMethodDispatcher.<>c__DisplayClass10_0.<WrapVoidAction>b__0(ControllerBase controller, Object[] parameters)
   at System.Web.Mvc.ActionMethodDispatcher.Execute(ControllerBase controller, Object[] parameters)
   at System.Web.Mvc.ReflectedActionDescriptor.Execute(ControllerContext controllerContext, IDictionary`2 parameters)
   at System.Web.Mvc.ControllerActionInvoker.InvokeActionMethod(ControllerContext controllerContext, ActionDescriptor actionDescriptor, IDictionary`2 parameters)
   at System.Web.Mvc.ControllerActionInvoker.<>c__DisplayClass24_0.<InvokeActionMethodWithFilters>b__0()
   at System.Web.Mvc.ControllerActionInvoker.InvokeActionMethodFilter(IActionFilter filter, ActionExecutingContext preContext, Func`1 continuation)
   at System.Web.Mvc.ControllerActionInvoker.<>c__DisplayClass24_1.<InvokeActionMethodWithFilters>b__2()
   at System.Web.Mvc.ControllerActionInvoker.InvokeActionMethodFilter(IActionFilter filter, ActionExecutingContext preContext, Func`1 continuation)
   at System.Web.Mvc.ControllerActionInvoker.<>c__DisplayClass24_1.<InvokeActionMethodWithFilters>b__2()
   at System.Web.Mvc.ControllerActionInvoker.InvokeActionMethodFilter(IActionFilter filter, ActionExecutingContext preContext, Func`1 continuation)
   at System.Web.Mvc.ControllerActionInvoker.<>c__DisplayClass24_1.<InvokeActionMethodWithFilters>b__2()
   at System.Web.Mvc.ControllerActionInvoker.InvokeActionMethodFilter(IActionFilter filter, ActionExecutingContext preContext, Func`1 continuation)
   at System.Web.Mvc.ControllerActionInvoker.<>c__DisplayClass24_1.<InvokeActionMethodWithFilters>b__2()
   at System.Web.Mvc.ControllerActionInvoker.InvokeActionMethodFilter(IActionFilter filter, ActionExecutingContext preContext, Func`1 continuation)
   at System.Web.Mvc.ControllerActionInvoker.<>c__DisplayClass24_1.<InvokeActionMethodWithFilters>b__2()
   at System.Web.Mvc.ControllerActionInvoker.InvokeActionMethodFilter(IActionFilter filter, ActionExecutingContext preContext, Func`1 continuation)
   at System.Web.Mvc.ControllerActionInvoker.<>c__DisplayClass24_1.<InvokeActionMethodWithFilters>b__2()
   at System.Web.Mvc.ControllerActionInvoker.InvokeActionMethodFilter(IActionFilter filter, ActionExecutingContext preContext, Func`1 continuation)
   at System.Web.Mvc.ControllerActionInvoker.<>c__DisplayClass24_1.<InvokeActionMethodWithFilters>b__2()
   at System.Web.Mvc.ControllerActionInvoker.InvokeActionMethodWithFilters(ControllerContext controllerContext, IList`1 filters, ActionDescriptor actionDescriptor, IDictionary`2 parameters)
   at System.Web.Mvc.ControllerActionInvoker.InvokeAction(ControllerContext controllerContext, String actionName)
   at Telerik.Sitefinity.Mvc.ControllerWrapper.Execute()
   at Telerik.Sitefinity.Mvc.ControllerActionInvoker.ExecuteController(MvcProxyBase proxyControl)
   at Telerik.Sitefinity.Frontend.Mvc.Infrastructure.Routing.FeatherActionInvoker.ExecuteController(MvcProxyBase proxyControl)

Additional Info:

MachineName : DESKTOP-2V705S3
TimeStamp : 5/26/2021 7:32:05 PM
FullName : Telerik.Sitefinity.Utilities, Version=13.3.7600.0, Culture=neutral, PublicKeyToken=b28c218413bdf563
AppDomainName : /LM/W3SVC/2/ROOT-1-132665308654788572
ThreadIdentity : Anonymous
WindowsIdentity : DESKTOP-2V705S3\Ivan
Requested URL : http://localhost:60876/details/CreateSuccessStory/


Category: ErrorLog

Priority: 0

EventId: 9010

Severity: Warning

Title:Enterprise Library Exception Handling

Machine: DESKTOP-2V705S3

App Domain: /LM/W3SVC/2/ROOT-1-132665308654788572

ProcessId: 17344

Process Name: C:\Program Files (x86)\IIS Express\iisexpress.exe

Thread Name: 

Win32 ThreadId:19196

Extended Properties: 
----------------------------------------
----------------------------------------
ActivityId: 537f9159-bcf0-4b28-b735-9de12fff5032

Timestamp: 5/26/2021 7:41:39 PM

Message: IdentityServer signing certificate is not configured. System will be using default IdentityServer certificate

Category: ErrorLog

Priority: -1

EventId: 1

Severity: Information

Title:

Machine: DESKTOP-2V705S3

App Domain: /LM/W3SVC/2/ROOT-1-132665316630130643

ProcessId: 18436

Process Name: C:\Program Files (x86)\IIS Express\iisexpress.exe

Thread Name: 

Win32 ThreadId:8356

Extended Properties: 
----------------------------------------
----------------------------------------
ActivityId: 09bad484-6403-4a16-b967-88b9e2c2ee69

Timestamp: 5/26/2021 7:44:30 PM

Message: IdentityServer signing certificate is not configured. System will be using default IdentityServer certificate

Category: ErrorLog

Priority: -1

EventId: 1

Severity: Information

Title:

Machine: DESKTOP-2V705S3

App Domain: /LM/W3SVC/2/ROOT-1-132665318292460859

ProcessId: 6596

Process Name: C:\Program Files (x86)\IIS Express\iisexpress.exe

Thread Name: 

Win32 ThreadId:12732

Extended Properties: 
----------------------------------------
----------------------------------------
ActivityId: a2d0d12e-9a54-41d5-b41e-9d63d36f52aa

Timestamp: 5/26/2021 7:49:19 PM

Message: IdentityServer signing certificate is not configured. System will be using default IdentityServer certificate

Category: ErrorLog

Priority: -1

EventId: 1

Severity: Information

Title:

Machine: DESKTOP-2V705S3

App Domain: /LM/W3SVC/2/ROOT-1-132665321159941442

ProcessId: 17748

Process Name: C:\Program Files (x86)\IIS Express\iisexpress.exe

Thread Name: 

Win32 ThreadId:11108

Extended Properties: 
----------------------------------------
----------------------------------------
ActivityId: 424042a5-642a-49e7-af0e-8f11c2db58a4

Timestamp: 5/26/2021 7:55:18 PM

Message: IdentityServer signing certificate is not configured. System will be using default IdentityServer certificate

Category: ErrorLog

Priority: -1

EventId: 1

Severity: Information

Title:

Machine: DESKTOP-2V705S3

App Domain: /LM/W3SVC/2/ROOT-1-132665324819816701

ProcessId: 7344

Process Name: C:\Program Files (x86)\IIS Express\iisexpress.exe

Thread Name: 

Win32 ThreadId:3172

Extended Properties: 
----------------------------------------
----------------------------------------
ActivityId: 00000000-0000-0000-0000-000000000000

Timestamp: 5/26/2021 8:00:35 PM

Message: HandlingInstanceID: 7b226860-bfaa-4c38-8d27-b4b755e61510
An exception of type 'System.InvalidCastException' occurred and was caught.
---------------------------------------------------------------------------
05/26/2021 23:00:34
Type : System.InvalidCastException, mscorlib, Version=4.0.0.0, Culture=neutral, PublicKeyToken=b77a5c561934e089
Message : Invalid cast from 'System.String' to 'System.Guid'.
Source : mscorlib
Help link : 
Data : System.Collections.ListDictionaryInternal
TargetSite : System.Object DefaultToType(System.IConvertible, System.Type, System.IFormatProvider)
HResult : -2147467262
Stack Trace :    at System.Convert.DefaultToType(IConvertible value, Type targetType, IFormatProvider provider)
   at System.String.System.IConvertible.ToType(Type type, IFormatProvider provider)
   at System.Convert.ChangeType(Object value, Type conversionType, IFormatProvider provider)
   at System.Convert.ChangeType(Object value, Type conversionType)
   at Telerik.Sitefinity.Model.DataExtensions.SetValue(IDynamicFieldsContainer dataItem, String fieldName, Object value)
   at SitefinityWebApp.Mvc.Controllers.SuccessStoryController.CreateSuccessStory(SuccessStoryModel story) in C:\Program Files (x86)\Progress\Sitefinity\Projects\Default\MVC\Controllers\SuccessStoryController.cs:line 88
   at lambda_method(Closure , ControllerBase , Object[] )
   at System.Web.Mvc.ActionMethodDispatcher.<>c__DisplayClass10_0.<WrapVoidAction>b__0(ControllerBase controller, Object[] parameters)
   at System.Web.Mvc.ActionMethodDispatcher.Execute(ControllerBase controller, Object[] parameters)
   at System.Web.Mvc.ReflectedActionDescriptor.Execute(ControllerContext controllerContext, IDictionary`2 parameters)
   at System.Web.Mvc.ControllerActionInvoker.InvokeActionMethod(ControllerContext controllerContext, ActionDescriptor actionDescriptor, IDictionary`2 parameters)
   at System.Web.Mvc.ControllerActionInvoker.<>c__DisplayClass24_0.<InvokeActionMethodWithFilters>b__0()
   at System.Web.Mvc.ControllerActionInvoker.InvokeActionMethodFilter(IActionFilter filter, ActionExecutingContext preContext, Func`1 continuation)
   at System.Web.Mvc.ControllerActionInvoker.<>c__DisplayClass24_1.<InvokeActionMethodWithFilters>b__2()
   at System.Web.Mvc.ControllerActionInvoker.InvokeActionMethodFilter(IActionFilter filter, ActionExecutingContext preContext, Func`1 continuation)
   at System.Web.Mvc.ControllerActionInvoker.<>c__DisplayClass24_1.<InvokeActionMethodWithFilters>b__2()
   at System.Web.Mvc.ControllerActionInvoker.InvokeActionMethodFilter(IActionFilter filter, ActionExecutingContext preContext, Func`1 continuation)
   at System.Web.Mvc.ControllerActionInvoker.<>c__DisplayClass24_1.<InvokeActionMethodWithFilters>b__2()
   at System.Web.Mvc.ControllerActionInvoker.InvokeActionMethodFilter(IActionFilter filter, ActionExecutingContext preContext, Func`1 continuation)
   at System.Web.Mvc.ControllerActionInvoker.<>c__DisplayClass24_1.<InvokeActionMethodWithFilters>b__2()
   at System.Web.Mvc.ControllerActionInvoker.InvokeActionMethodFilter(IActionFilter filter, ActionExecutingContext preContext, Func`1 continuation)
   at System.Web.Mvc.ControllerActionInvoker.<>c__DisplayClass24_1.<InvokeActionMethodWithFilters>b__2()
   at System.Web.Mvc.ControllerActionInvoker.InvokeActionMethodFilter(IActionFilter filter, ActionExecutingContext preContext, Func`1 continuation)
   at System.Web.Mvc.ControllerActionInvoker.<>c__DisplayClass24_1.<InvokeActionMethodWithFilters>b__2()
   at System.Web.Mvc.ControllerActionInvoker.InvokeActionMethodFilter(IActionFilter filter, ActionExecutingContext preContext, Func`1 continuation)
   at System.Web.Mvc.ControllerActionInvoker.<>c__DisplayClass24_1.<InvokeActionMethodWithFilters>b__2()
   at System.Web.Mvc.ControllerActionInvoker.InvokeActionMethodWithFilters(ControllerContext controllerContext, IList`1 filters, ActionDescriptor actionDescriptor, IDictionary`2 parameters)
   at System.Web.Mvc.ControllerActionInvoker.InvokeAction(ControllerContext controllerContext, String actionName)
   at Telerik.Sitefinity.Mvc.ControllerWrapper.Execute()
   at Telerik.Sitefinity.Mvc.ControllerActionInvoker.ExecuteController(MvcProxyBase proxyControl)
   at Telerik.Sitefinity.Frontend.Mvc.Infrastructure.Routing.FeatherActionInvoker.ExecuteController(MvcProxyBase proxyControl)

Additional Info:

MachineName : DESKTOP-2V705S3
TimeStamp : 5/26/2021 8:00:34 PM
FullName : Telerik.Sitefinity.Utilities, Version=13.3.7600.0, Culture=neutral, PublicKeyToken=b28c218413bdf563
AppDomainName : /LM/W3SVC/2/ROOT-1-132665324819816701
ThreadIdentity : Anonymous
WindowsIdentity : DESKTOP-2V705S3\Ivan
Requested URL : http://localhost:60876/details/CreateSuccessStory/


Category: ErrorLog

Priority: 0

EventId: 9010

Severity: Warning

Title:Enterprise Library Exception Handling

Machine: DESKTOP-2V705S3

App Domain: /LM/W3SVC/2/ROOT-1-132665324819816701

ProcessId: 7344

Process Name: C:\Program Files (x86)\IIS Express\iisexpress.exe

Thread Name: 

Win32 ThreadId:12976

Extended Properties: 
----------------------------------------
----------------------------------------
ActivityId: 5d512434-fb6b-4ee9-b51b-f4b357daa3ef

Timestamp: 5/26/2021 8:06:16 PM

Message: IdentityServer signing certificate is not configured. System will be using default IdentityServer certificate

Category: ErrorLog

Priority: -1

EventId: 1

Severity: Information

Title:

Machine: DESKTOP-2V705S3

App Domain: /LM/W3SVC/2/ROOT-1-132665331393263711

ProcessId: 18692

Process Name: C:\Program Files (x86)\IIS Express\iisexpress.exe

Thread Name: 

Win32 ThreadId:9220

Extended Properties: 
----------------------------------------
----------------------------------------
ActivityId: 00000000-0000-0000-0000-000000000000

Timestamp: 26.5.2021 г. 20:08:27

Message: Timestamp: 26.5.2021 г. 20:08:27
Message: System.Collections.Generic.KeyNotFoundException: The given key was not present in the dictionary.
   at System.Collections.Generic.Dictionary`2.get_Item(TKey key)
   at Telerik.Sitefinity.Configuration.Config.AreSiteSpecificPathsConfiguredForSection(String sectionName)
   at Telerik.Sitefinity.Configuration.Config.GetSectionInternal(Type sectionType, Boolean safeMode, String sectionName)
   at Telerik.Sitefinity.Configuration.Config.GetSectionPrivate(Type sectionType, Boolean safeMode, String sectionName)
   at Telerik.Sitefinity.Configuration.Config.GetSectionPrivate[TSection](Boolean safeMode)
   at Telerik.Sitefinity.Azure.Initializer.Bootstrapper_Initialized(Object sender, ExecutedEventArgs e)
   at System.EventHandler`1.Invoke(Object sender, TEventArgs e)
   at Telerik.Sitefinity.Abstractions.Bootstrapper.OnInitialized(Object sender, ExecutedEventArgs args)
   at Telerik.Sitefinity.Abstractions.Bootstrapper.Bootstrap()
   at Telerik.Sitefinity.Web.SitefinityHttpModule.<>c.<BootstrapAsync>b__4_0(Object ctx)
Category: 
Priority: -1
EventId: 0
Severity: Critical
Title:
Machine: DESKTOP-2V705S3
App Domain: /LM/W3SVC/1/ROOT-15-132665332831561909
ProcessId: 10016
Process Name: C:\Program Files (x86)\IIS Express\IISExpress.exe
Thread Name: 
Win32 ThreadId:5740
Extended Properties: 

Category: ErrorLog

Priority: -1

EventId: 1

Severity: Information

Title:

Machine: DESKTOP-2V705S3

App Domain: /LM/W3SVC/1/ROOT-15-132665332831561909

ProcessId: 10016

Process Name: C:\Program Files (x86)\IIS Express\IISExpress.exe

Thread Name: 

Win32 ThreadId:5740

Extended Properties: 
----------------------------------------
----------------------------------------
ActivityId: 00000000-0000-0000-0000-000000000000

Timestamp: 5/26/2021 8:09:14 PM

Message: HandlingInstanceID: cdc4d219-c1e2-4336-a7b1-c10a5577b3df
An exception of type 'System.Web.HttpException' occurred and was caught.
------------------------------------------------------------------------
05/26/2021 23:09:14
Type : System.Web.HttpException, System.Web, Version=4.0.0.0, Culture=neutral, PublicKeyToken=b03f5f7f11d50a3a
Message : A potentially dangerous Request.Path value was detected from the client (:).
Source : System.Web
Help link : 
WebEventCode : 0
ErrorCode : -2147467259
Data : System.Collections.ListDictionaryInternal
TargetSite : Void ValidateInputIfRequiredByConfig()
HResult : -2147467259
Stack Trace :    at System.Web.HttpRequest.ValidateInputIfRequiredByConfig()
   at System.Web.HttpApplication.PipelineStepManager.ValidateHelper(HttpContext context)

Additional Info:

MachineName : DESKTOP-2V705S3
TimeStamp : 5/26/2021 8:09:14 PM
FullName : Telerik.Sitefinity.Utilities, Version=13.3.7600.0, Culture=neutral, PublicKeyToken=b28c218413bdf563
AppDomainName : /LM/W3SVC/1/ROOT-16-132665333351374983
ThreadIdentity : 
WindowsIdentity : DESKTOP-2V705S3\Ivan
Requested URL : http://localhost:28790/Sitefinity/adminapp/content/successstories/(dialog:confirm/default)


Category: ErrorLog

Priority: 0

EventId: 90000

Severity: Error

Title:Enterprise Library Exception Handling

Machine: DESKTOP-2V705S3

App Domain: /LM/W3SVC/1/ROOT-16-132665333351374983

ProcessId: 10016

Process Name: C:\Program Files (x86)\IIS Express\IISExpress.exe

Thread Name: 

Win32 ThreadId:9036

Extended Properties: 
----------------------------------------
----------------------------------------
ActivityId: 1bdfca5f-c66d-484f-a1c9-e9f2dcbfd4b3

Timestamp: 5/26/2021 8:09:20 PM

Message: IdentityServer signing certificate is not configured. System will be using default IdentityServer certificate

Category: ErrorLog

Priority: -1

EventId: 1

Severity: Information

Title:

Machine: DESKTOP-2V705S3

App Domain: /LM/W3SVC/1/ROOT-16-132665333351374983

ProcessId: 10016

Process Name: C:\Program Files (x86)\IIS Express\IISExpress.exe

Thread Name: 

Win32 ThreadId:5740

Extended Properties: 
----------------------------------------
----------------------------------------
ActivityId: b49df353-5216-4c91-b3bb-a2ea03f002a8

Timestamp: 5/26/2021 8:11:18 PM

Message: IdentityServer signing certificate is not configured. System will be using default IdentityServer certificate

Category: ErrorLog

Priority: -1

EventId: 1

Severity: Information

Title:

Machine: DESKTOP-2V705S3

App Domain: /LM/W3SVC/1/ROOT-17-132665334535203179

ProcessId: 10016

Process Name: C:\Program Files (x86)\IIS Express\IISExpress.exe

Thread Name: 

Win32 ThreadId:5892

Extended Properties: 
----------------------------------------
----------------------------------------
ActivityId: 06f3cb58-1ffc-4959-b0a9-bbbf801529d8

Timestamp: 5/26/2021 8:14:34 PM

Message: HandlingInstanceID: bce9b5ab-2e9b-43b3-8e1f-7f4ba74594f5
An exception of type 'Microsoft.CSharp.RuntimeBinder.RuntimeBinderException' occurred and was caught.
-----------------------------------------------------------------------------------------------------
05/26/2021 23:14:34
Type : Microsoft.CSharp.RuntimeBinder.RuntimeBinderException, Microsoft.CSharp, Version=4.0.0.0, Culture=neutral, PublicKeyToken=b03f5f7f11d50a3a
Message : 'Telerik.Sitefinity.Frontend.Mvc.Models.DynamicDataItemFieldAccessor' does not contain a definition for 'Thumbnail'
Source : Anonymously Hosted DynamicMethods Assembly
Help link : 
Data : System.Collections.ListDictionaryInternal
TargetSite : System.Object CallSite.Target(System.Runtime.CompilerServices.Closure, System.Runtime.CompilerServices.CallSite, System.Object)
HResult : -2146233088
Stack Trace :    at CallSite.Target(Closure , CallSite , Object )
   at System.Dynamic.UpdateDelegates.UpdateAndExecute1[T0,TRet](CallSite site, T0 arg0)
   at ASP._Page_Frontend_Assembly_Telerik_Sitefinity_Frontend_DynamicContent_Mvc_Views_SuccessStory_Detail_Success_Story_cshtml_Bootstrap4_cshtml.Execute()
   at System.Web.WebPages.WebPageBase.ExecutePageHierarchy()
   at System.Web.Mvc.WebViewPage.ExecutePageHierarchy()
   at System.Web.WebPages.WebPageBase.ExecutePageHierarchy(WebPageContext pageContext, TextWriter writer, WebPageRenderingBase startPage)
   at System.Web.Mvc.RazorView.RenderView(ViewContext viewContext, TextWriter writer, Object instance)
   at Telerik.Sitefinity.Frontend.Mvc.Infrastructure.Compilation.CompilationPerformanceRazorView.RenderWithPerformanceMeasurement(ViewContext viewContext, TextWriter writer)
   at Telerik.Sitefinity.Frontend.Mvc.Infrastructure.Compilation.CompilationPerformanceRazorView.Render(ViewContext viewContext, TextWriter writer)
   at System.Web.Mvc.ViewResultBase.ExecuteResult(ControllerContext context)
   at System.Web.Mvc.ControllerActionInvoker.InvokeActionResult(ControllerContext controllerContext, ActionResult actionResult)
   at System.Web.Mvc.ControllerActionInvoker.InvokeActionResultFilterRecursive(IList`1 filters, Int32 filterIndex, ResultExecutingContext preContext, ControllerContext controllerContext, ActionResult actionResult)
   at System.Web.Mvc.ControllerActionInvoker.InvokeActionResultFilterRecursive(IList`1 filters, Int32 filterIndex, ResultExecutingContext preContext, ControllerContext controllerContext, ActionResult actionResult)
   at System.Web.Mvc.ControllerActionInvoker.InvokeActionResultFilterRecursive(IList`1 filters, Int32 filterIndex, ResultExecutingContext preContext, ControllerContext controllerContext, ActionResult actionResult)
   at System.Web.Mvc.ControllerActionInvoker.InvokeActionResultFilterRecursive(IList`1 filters, Int32 filterIndex, ResultExecutingContext preContext, ControllerContext controllerContext, ActionResult actionResult)
   at System.Web.Mvc.ControllerActionInvoker.InvokeActionResultFilterRecursive(IList`1 filters, Int32 filterIndex, ResultExecutingContext preContext, ControllerContext controllerContext, ActionResult actionResult)
   at System.Web.Mvc.ControllerActionInvoker.InvokeActionResultFilterRecursive(IList`1 filters, Int32 filterIndex, ResultExecutingContext preContext, ControllerContext controllerContext, ActionResult actionResult)
   at System.Web.Mvc.ControllerActionInvoker.InvokeActionResultFilterRecursive(IList`1 filters, Int32 filterIndex, ResultExecutingContext preContext, ControllerContext controllerContext, ActionResult actionResult)
   at System.Web.Mvc.ControllerActionInvoker.InvokeActionResultFilterRecursive(IList`1 filters, Int32 filterIndex, ResultExecutingContext preContext, ControllerContext controllerContext, ActionResult actionResult)
   at System.Web.Mvc.ControllerActionInvoker.InvokeActionResultWithFilters(ControllerContext controllerContext, IList`1 filters, ActionResult actionResult)
   at System.Web.Mvc.ControllerActionInvoker.InvokeAction(ControllerContext controllerContext, String actionName)
   at Telerik.Sitefinity.Mvc.ControllerWrapper.Execute()
   at Telerik.Sitefinity.Mvc.ControllerActionInvoker.ExecuteController(MvcProxyBase proxyControl)
   at Telerik.Sitefinity.Frontend.Mvc.Infrastructure.Routing.FeatherActionInvoker.ExecuteController(MvcProxyBase proxyControl)

Additional Info:

MachineName : DESKTOP-2V705S3
TimeStamp : 5/26/2021 8:14:34 PM
FullName : Telerik.Sitefinity.Utilities, Version=13.3.7600.0, Culture=neutral, PublicKeyToken=b28c218413bdf563
AppDomainName : /LM/W3SVC/1/ROOT-17-132665334535203179
ThreadIdentity : ivduhov@gmail.com
WindowsIdentity : DESKTOP-2V705S3\Ivan
Requested URL : http://localhost:28790/success-stories/unistrut-sees-1600-increase-in-document-downloads-and-drastically-exceeds-website-traffic-and-engagement-goals-with-sitefinity


Category: ErrorLog

Priority: 0

EventId: 9010

Severity: Warning

Title:Enterprise Library Exception Handling

Machine: DESKTOP-2V705S3

App Domain: /LM/W3SVC/1/ROOT-17-132665334535203179

ProcessId: 10016

Process Name: C:\Program Files (x86)\IIS Express\IISExpress.exe

Thread Name: 

Win32 ThreadId:5320

Extended Properties: 
----------------------------------------
----------------------------------------
ActivityId: a9eafe22-fdc8-479e-b5e1-0f93d65ef485

Timestamp: 5/26/2021 8:16:33 PM

Message: IdentityServer signing certificate is not configured. System will be using default IdentityServer certificate

Category: ErrorLog

Priority: -1

EventId: 1

Severity: Information

Title:

Machine: DESKTOP-2V705S3

App Domain: /LM/W3SVC/2/ROOT-1-132665337615192205

ProcessId: 9296

Process Name: C:\Program Files (x86)\IIS Express\iisexpress.exe

Thread Name: 

Win32 ThreadId:7260

Extended Properties: 
----------------------------------------
----------------------------------------
ActivityId: 49d8bbc5-a550-41ee-a00a-66f49bc4b72a

Timestamp: 5/26/2021 8:21:00 PM

Message: System.Threading.Tasks.TaskCanceledException: A task was canceled.
   at System.Runtime.CompilerServices.TaskAwaiter.ThrowForNonSuccess(Task task)
   at System.Runtime.CompilerServices.TaskAwaiter.HandleNonSuccessAndDebuggerNotification(Task task)
   at System.Runtime.CompilerServices.TaskAwaiter.ValidateEnd(Task task)
   at Microsoft.IdentityModel.Protocols.ConfigurationManager`1.<GetConfigurationAsync>d__3.MoveNext()
--- End of stack trace from previous location where exception was thrown ---
   at System.Runtime.CompilerServices.TaskAwaiter.ThrowForNonSuccess(Task task)
   at System.Runtime.CompilerServices.TaskAwaiter.HandleNonSuccessAndDebuggerNotification(Task task)
   at Microsoft.Owin.Security.OpenIdConnect.OpenIdConnectAuthenticationHandler.<ApplyResponseChallengeAsync>d__c.MoveNext()
--- End of stack trace from previous location where exception was thrown ---
   at System.Runtime.CompilerServices.TaskAwaiter.ThrowForNonSuccess(Task task)
   at System.Runtime.CompilerServices.TaskAwaiter.HandleNonSuccessAndDebuggerNotification(Task task)
   at Microsoft.Owin.Security.Infrastructure.AuthenticationHandler.<ApplyResponseCoreAsync>d__b.MoveNext()
--- End of stack trace from previous location where exception was thrown ---
   at System.Runtime.CompilerServices.TaskAwaiter.ThrowForNonSuccess(Task task)
   at System.Runtime.CompilerServices.TaskAwaiter.HandleNonSuccessAndDebuggerNotification(Task task)
   at Microsoft.Owin.Security.Infrastructure.AuthenticationHandler.<ApplyResponseAsync>d__8.MoveNext()
--- End of stack trace from previous location where exception was thrown ---
   at System.Runtime.CompilerServices.TaskAwaiter.ThrowForNonSuccess(Task task)
   at System.Runtime.CompilerServices.TaskAwaiter.HandleNonSuccessAndDebuggerNotification(Task task)
   at Microsoft.Owin.Security.Infrastructure.AuthenticationHandler.<TeardownAsync>d__5.MoveNext()
--- End of stack trace from previous location where exception was thrown ---
   at System.Runtime.CompilerServices.TaskAwaiter.ThrowForNonSuccess(Task task)
   at System.Runtime.CompilerServices.TaskAwaiter.HandleNonSuccessAndDebuggerNotification(Task task)
   at Microsoft.Owin.Security.Infrastructure.AuthenticationMiddleware`1.<Invoke>d__0.MoveNext()
--- End of stack trace from previous location where exception was thrown ---
   at System.Runtime.CompilerServices.TaskAwaiter.ThrowForNonSuccess(Task task)
   at System.Runtime.CompilerServices.TaskAwaiter.HandleNonSuccessAndDebuggerNotification(Task task)
   at Telerik.Sitefinity.Authentication.Owin.OpenId.SitefinityOpenIdConnectStsAuthenticationMiddleware.<InvokeStsAuthenticationPipeline>d__2.MoveNext()
--- End of stack trace from previous location where exception was thrown ---
   at System.Runtime.CompilerServices.TaskAwaiter.ThrowForNonSuccess(Task task)
   at System.Runtime.CompilerServices.TaskAwaiter.HandleNonSuccessAndDebuggerNotification(Task task)
   at Telerik.Sitefinity.Authentication.Owin.OpenId.SitefinityOpenIdConnectStsAuthenticationMiddleware.<Invoke>d__1.MoveNext()
--- End of stack trace from previous location where exception was thrown ---
   at System.Runtime.CompilerServices.TaskAwaiter.ThrowForNonSuccess(Task task)
   at System.Runtime.CompilerServices.TaskAwaiter.HandleNonSuccessAndDebuggerNotification(Task task)
   at Telerik.Sitefinity.Authentication.Owin.BasicAuthenticationMiddleware.<Invoke>d__1.MoveNext()
--- End of stack trace from previous location where exception was thrown ---
   at System.Runtime.CompilerServices.TaskAwaiter.ThrowForNonSuccess(Task task)
   at System.Runtime.CompilerServices.TaskAwaiter.HandleNonSuccessAndDebuggerNotification(Task task)
   at Microsoft.Owin.Security.Infrastructure.AuthenticationMiddleware`1.<Invoke>d__0.MoveNext()
--- End of stack trace from previous location where exception was thrown ---
   at System.Runtime.CompilerServices.TaskAwaiter.ThrowForNonSuccess(Task task)
   at System.Runtime.CompilerServices.TaskAwaiter.HandleNonSuccessAndDebuggerNotification(Task task)
   at Telerik.Sitefinity.Authentication.Owin.Cookies.CookieSaverMiddleware.<Invoke>d__1.MoveNext()
--- End of stack trace from previous location where exception was thrown ---
   at System.Runtime.CompilerServices.TaskAwaiter.ThrowForNonSuccess(Task task)
   at System.Runtime.CompilerServices.TaskAwaiter.HandleNonSuccessAndDebuggerNotification(Task task)
   at Microsoft.Owin.Mapping.MapWhenMiddleware.<Invoke>d__0.MoveNext()
--- End of stack trace from previous location where exception was thrown ---
   at System.Runtime.CompilerServices.TaskAwaiter.ThrowForNonSuccess(Task task)
   at System.Runtime.CompilerServices.TaskAwaiter.HandleNonSuccessAndDebuggerNotification(Task task)
   at Microsoft.Owin.Mapping.MapMiddleware.<Invoke>d__0.MoveNext()
--- End of stack trace from previous location where exception was thrown ---
   at System.Runtime.CompilerServices.TaskAwaiter.ThrowForNonSuccess(Task task)
   at System.Runtime.CompilerServices.TaskAwaiter.HandleNonSuccessAndDebuggerNotification(Task task)
   at Microsoft.Owin.Mapping.MapMiddleware.<Invoke>d__0.MoveNext()
--- End of stack trace from previous location where exception was thrown ---
   at System.Runtime.CompilerServices.TaskAwaiter.ThrowForNonSuccess(Task task)
   at System.Runtime.CompilerServices.TaskAwaiter.HandleNonSuccessAndDebuggerNotification(Task task)
   at Telerik.Sitefinity.Authentication.Owin.RelyingPartyMiddleware.<Invoke>d__1.MoveNext()
--- End of stack trace from previous location where exception was thrown ---
   at System.Runtime.CompilerServices.TaskAwaiter.ThrowForNonSuccess(Task task)
   at System.Runtime.CompilerServices.TaskAwaiter.HandleNonSuccessAndDebuggerNotification(Task task)
   at Telerik.Sitefinity.Authentication.Owin.AnonymousUserMiddleware.<Invoke>d__1.MoveNext()
--- End of stack trace from previous location where exception was thrown ---
   at System.Runtime.CompilerServices.TaskAwaiter.ThrowForNonSuccess(Task task)
   at System.Runtime.CompilerServices.TaskAwaiter.HandleNonSuccessAndDebuggerNotification(Task task)
   at Telerik.Sitefinity.Authentication.Owin.AccessControlMiddleware.<Invoke>d__1.MoveNext()
--- End of stack trace from previous location where exception was thrown ---
   at System.Runtime.CompilerServices.TaskAwaiter.ThrowForNonSuccess(Task task)
   at System.Runtime.CompilerServices.TaskAwaiter.HandleNonSuccessAndDebuggerNotification(Task task)
   at Microsoft.Owin.Mapping.MapMiddleware.<Invoke>d__0.MoveNext()
--- End of stack trace from previous location where exception was thrown ---
   at System.Runtime.CompilerServices.TaskAwaiter.ThrowForNonSuccess(Task task)
   at System.Runtime.CompilerServices.TaskAwaiter.HandleNonSuccessAndDebuggerNotification(Task task)
   at Microsoft.Owin.Mapping.MapMiddleware.<Invoke>d__0.MoveNext()
--- End of stack trace from previous location where exception was thrown ---
   at System.Runtime.CompilerServices.TaskAwaiter.ThrowForNonSuccess(Task task)
   at System.Runtime.CompilerServices.TaskAwaiter.HandleNonSuccessAndDebuggerNotification(Task task)
   at Telerik.Sitefinity.Authentication.Owin.SecurityTokenServiceMiddleware.<Invoke>d__1.MoveNext()
--- End of stack trace from previous location where exception was thrown ---
   at System.Runtime.CompilerServices.TaskAwaiter.ThrowForNonSuccess(Task task)
   at System.Runtime.CompilerServices.TaskAwaiter.HandleNonSuccessAndDebuggerNotification(Task task)
   at Telerik.Sitefinity.Authentication.Owin.SitefinityAuthenticationMiddleware.<Invoke>d__1.MoveNext()
--- End of stack trace from previous location where exception was thrown ---
   at System.Runtime.CompilerServices.TaskAwaiter.ThrowForNonSuccess(Task task)
   at System.Runtime.CompilerServices.TaskAwaiter.HandleNonSuccessAndDebuggerNotification(Task task)
   at Telerik.Sitefinity.Owin.Extensions.SslOffloaderMiddleware.<Invoke>d__1.MoveNext()
--- End of stack trace from previous location where exception was thrown ---
   at System.Runtime.CompilerServices.TaskAwaiter.ThrowForNonSuccess(Task task)
   at System.Runtime.CompilerServices.TaskAwaiter.HandleNonSuccessAndDebuggerNotification(Task task)
   at Telerik.Sitefinity.Owin.HttpsRedirectMiddleware.<Invoke>d__1.MoveNext()
--- End of stack trace from previous location where exception was thrown ---
   at System.Runtime.CompilerServices.TaskAwaiter.ThrowForNonSuccess(Task task)
   at System.Runtime.CompilerServices.TaskAwaiter.HandleNonSuccessAndDebuggerNotification(Task task)
   at Telerik.Sitefinity.Owin.Extensions.GlobalExceptionMiddleware.<Invoke>d__1.MoveNext()

Category: ErrorLog

Priority: -1

EventId: 1

Severity: Information

Title:

Machine: DESKTOP-2V705S3

App Domain: /LM/W3SVC/2/ROOT-1-132665337615192205

ProcessId: 9296

Process Name: C:\Program Files (x86)\IIS Express\iisexpress.exe

Thread Name: 

Win32 ThreadId:14716

Extended Properties: 
----------------------------------------
----------------------------------------
ActivityId: 29146d5a-5671-4fa5-ae50-1821b5a29893

Timestamp: 5/26/2021 8:31:49 PM

Message: IdentityServer signing certificate is not configured. System will be using default IdentityServer certificate

Category: ErrorLog

Priority: -1

EventId: 1

Severity: Information

Title:

Machine: DESKTOP-2V705S3

App Domain: /LM/W3SVC/2/ROOT-1-132665346729480916

ProcessId: 11400

Process Name: C:\Program Files (x86)\IIS Express\iisexpress.exe

Thread Name: 

Win32 ThreadId:10332

Extended Properties: 
----------------------------------------
----------------------------------------
ActivityId: 479a1b9c-598d-4659-8126-b5a1da7cb60f

Timestamp: 5/26/2021 8:37:29 PM

Message: IdentityServer signing certificate is not configured. System will be using default IdentityServer certificate

Category: ErrorLog

Priority: -1

EventId: 1

Severity: Information

Title:

Machine: DESKTOP-2V705S3

App Domain: /LM/W3SVC/2/ROOT-1-132665350180287216

ProcessId: 11936

Process Name: C:\Program Files (x86)\IIS Express\iisexpress.exe

Thread Name: 

Win32 ThreadId:7688

Extended Properties: 
----------------------------------------
----------------------------------------
ActivityId: 67177a60-df0e-4301-b0f2-fac043a90120

Timestamp: 5/26/2021 8:46:13 PM

Message: IdentityServer signing certificate is not configured. System will be using default IdentityServer certificate

Category: ErrorLog

Priority: -1

EventId: 1

Severity: Information

Title:

Machine: DESKTOP-2V705S3

App Domain: /LM/W3SVC/2/ROOT-1-132665355420536036

ProcessId: 4304

Process Name: C:\Program Files (x86)\IIS Express\iisexpress.exe

Thread Name: 

Win32 ThreadId:1064

Extended Properties: 
----------------------------------------
----------------------------------------
ActivityId: dbce26ba-83f0-4689-9663-a4292716e62f

Timestamp: 5/26/2021 8:48:48 PM

Message: IdentityServer signing certificate is not configured. System will be using default IdentityServer certificate

Category: ErrorLog

Priority: -1

EventId: 1

Severity: Information

Title:

Machine: DESKTOP-2V705S3

App Domain: /LM/W3SVC/2/ROOT-1-132665356973156592

ProcessId: 1772

Process Name: C:\Program Files (x86)\IIS Express\iisexpress.exe

Thread Name: 

Win32 ThreadId:14484

Extended Properties: 
----------------------------------------
----------------------------------------
ActivityId: 874e6c02-4a0c-49d2-b130-bf6d936f6ac3

Timestamp: 5/26/2021 8:51:27 PM

Message: IdentityServer signing certificate is not configured. System will be using default IdentityServer certificate

Category: ErrorLog

Priority: -1

EventId: 1

Severity: Information

Title:

Machine: DESKTOP-2V705S3

App Domain: /LM/W3SVC/1/ROOT-19-132665358615320793

ProcessId: 10016

Process Name: C:\Program Files (x86)\IIS Express\IISExpress.exe

Thread Name: 

Win32 ThreadId:19032

Extended Properties: 
----------------------------------------
